0 info it worked if it ends with ok
1 verbose cli [ '/Users/kete/.nvm/versions/node/v7.2.0/bin/node',
1 verbose cli   '/Users/kete/.nvm/versions/node/v7.2.0/bin/npm',
1 verbose cli   'run',
1 verbose cli   'json:server' ]
2 info using npm@3.10.9
3 info using node@v7.2.0
4 verbose run-script [ 'prejson:server', 'json:server', 'postjson:server' ]
5 info lifecycle balaces-api@1.0.0~prejson:server: balaces-api@1.0.0
6 silly lifecycle balaces-api@1.0.0~prejson:server: no script for prejson:server, continuing
7 info lifecycle balaces-api@1.0.0~json:server: balaces-api@1.0.0
8 verbose lifecycle balaces-api@1.0.0~json:server: unsafe-perm in lifecycle true
9 verbose lifecycle balaces-api@1.0.0~json:server: PATH: /Users/kete/.nvm/versions/node/v7.2.0/lib/node_modules/npm/bin/node-gyp-bin:/Users/kete/Documents/workspace/balances-api/node_modules/.bin:/Users/kete/.nvm/versions/node/v7.2.0/bin:/Library/Java/JavaVirtualMachines/jdk1.8.0_25.jdk/Contents/Home:/Users/kete/.rvm/gems/ruby-2.3.0/bin:/Users/kete/.rvm/gems/ruby-2.3.0@global/bin:/Users/kete/.rvm/rubies/ruby-2.3.0/bin:/usr/local/bin:/usr/bin:/bin:/usr/sbin:/sbin:/Users/kete/.rvm/bin:/Applications/apache-maven-3.2.3:/Applications/apache-maven-3.2.3/bin:/usr/local/mysql/bin:/Applications/android-sdk-macosx/platform-tools:/Applications/android-sdk-macosx/tools:/Users/kete/.rvm/bin
10 verbose lifecycle balaces-api@1.0.0~json:server: CWD: /Users/kete/Documents/workspace/balances-api
11 silly lifecycle balaces-api@1.0.0~json:server: Args: [ '-c', 'json-server --watch data.json' ]
12 silly lifecycle balaces-api@1.0.0~json:server: Returned: code: 1  signal: null
13 info lifecycle balaces-api@1.0.0~json:server: Failed to exec json:server script
14 verbose stack Error: balaces-api@1.0.0 json:server: `json-server --watch data.json`
14 verbose stack Exit status 1
14 verbose stack     at EventEmitter.<anonymous> (/Users/kete/.nvm/versions/node/v7.2.0/lib/node_modules/npm/lib/utils/lifecycle.js:255:16)
14 verbose stack     at emitTwo (events.js:106:13)
14 verbose stack     at EventEmitter.emit (events.js:191:7)
14 verbose stack     at ChildProcess.<anonymous> (/Users/kete/.nvm/versions/node/v7.2.0/lib/node_modules/npm/lib/utils/spawn.js:40:14)
14 verbose stack     at emitTwo (events.js:106:13)
14 verbose stack     at ChildProcess.emit (events.js:191:7)
14 verbose stack     at maybeClose (internal/child_process.js:885:16)
14 verbose stack     at Process.ChildProcess._handle.onexit (internal/child_process.js:226:5)
15 verbose pkgid balaces-api@1.0.0
16 verbose cwd /Users/kete/Documents/workspace/balances-api
17 error Darwin 15.6.0
18 error argv "/Users/kete/.nvm/versions/node/v7.2.0/bin/node" "/Users/kete/.nvm/versions/node/v7.2.0/bin/npm" "run" "json:server"
19 error node v7.2.0
20 error npm  v3.10.9
21 error code ELIFECYCLE
22 error balaces-api@1.0.0 json:server: `json-server --watch data.json`
22 error Exit status 1
23 error Failed at the balaces-api@1.0.0 json:server script 'json-server --watch data.json'.
23 error Make sure you have the latest version of node.js and npm installed.
23 error If you do, this is most likely a problem with the balaces-api package,
23 error not with npm itself.
23 error Tell the author that this fails on your system:
23 error     json-server --watch data.json
23 error You can get information on how to open an issue for this project with:
23 error     npm bugs balaces-api
23 error Or if that isn't available, you can get their info via:
23 error     npm owner ls balaces-api
23 error There is likely additional logging output above.
24 verbose exit [ 1, true ]
